03:31:57 **** Incremental Build of configuration Nios II for project radar_software ****
make all 
Info: Building ../radar_software_bsp/
C:/intelFPGA_lite/18.1/nios2eds/bin/gnu/H-x86_64-mingw32/bin/make --no-print-directory -C ../radar_software_bsp/
[BSP build complete]
[radar_software build complete]
03:32:18 **** Build of configuration Nios II for project radar_software ****
make all 
Info: Building ../radar_software_bsp/
C:/intelFPGA_lite/18.1/nios2eds/bin/gnu/H-x86_64-mingw32/bin/make --no-print-directory -C ../radar_software_bsp/
[BSP build complete]
[radar_software build complete]
03:32:21 **** Incremental Build of configuration Nios II for project radar_software ****
make all 
Info: Building ../radar_software_bsp/
C:/intelFPGA_lite/18.1/nios2eds/bin/gnu/H-x86_64-mingw32/bin/make --no-print-directory -C ../radar_software_bsp/
[BSP build complete]
Info: Compiling hello_world.c to obj/default/hello_world.o
nios2-elf-gcc -xc -MP -MMD -c -I../radar_software_bsp//HAL/inc -I../radar_software_bsp/ -I../radar_software_bsp//drivers/inc  -pipe -D__hal__ -DALT_NO_C_PLUS_PLUS -DALT_NO_INSTRUCTION_EMULATION -DALT_SINGLE_THREADED    -O0 -g -Wall   -mno-hw-div -mno-hw-mul -mno-hw-mulx -mgpopt=global  -o obj/default/hello_world.o hello_world.c
Info: Linking radar_software.elf
nios2-elf-g++  -T'../radar_software_bsp//linker.x' -msys-crt0='../radar_software_bsp//obj/HAL/src/crt0.o' -msys-lib=hal_bsp -L../radar_software_bsp/   -Wl,-Map=radar_software.map   -O0 -g -Wall   -mno-hw-div -mno-hw-mul -mno-hw-mulx -mgpopt=global  -o radar_software.elf obj/default/hello_world.o -lm -msys-lib=m
nios2-elf-insert radar_software.elf --thread_model hal --cpu_name nios2_gen2_0 --qsys true --simulation_enabled false --id 1 --sidp 0x81070 --timestamp 1713159384 --stderr_dev jtag_uart_0 --stdin_dev jtag_uart_0 --stdout_dev jtag_uart_0 --sopc_system_name radar_core --quartus_project_dir "C:/Temp/NIOSII_projects/radar_nios" --jdi ../..//output_files/radar_nios.jdi --sopcinfo C:/Temp/NIOSII_projects/radar_nios/software/radar_software_bsp/../../radar_core.sopcinfo
Info: (radar_software.elf) 79 KBytes program size (code + initialized data).
Info:                      51 KBytes free for stack + heap.
Info: Creating radar_software.objdump
nios2-elf-objdump --disassemble --syms --all-header --source radar_software.elf >radar_software.objdump
[radar_software build complete]
03:37:31 **** Build of configuration Nios II for project radar_software ****
make all 
Info: Building ../radar_software_bsp/
C:/intelFPGA_lite/18.1/nios2eds/bin/gnu/H-x86_64-mingw32/bin/make --no-print-directory -C ../radar_software_bsp/
[BSP build complete]
[radar_software build complete]
03:37:32 **** Incremental Build of configuration Nios II for project radar_software ****
make all 
Info: Building ../radar_software_bsp/
C:/intelFPGA_lite/18.1/nios2eds/bin/gnu/H-x86_64-mingw32/bin/make --no-print-directory -C ../radar_software_bsp/
[BSP build complete]
[radar_software build complete]
03:47:46 **** Build of configuration Nios II for project radar_software ****
make all 
Info: Building ../radar_software_bsp/
C:/intelFPGA_lite/18.1/nios2eds/bin/gnu/H-x86_64-mingw32/bin/make --no-print-directory -C ../radar_software_bsp/
[BSP build complete]
[radar_software build complete]
03:48:04 **** Build of configuration Nios II for project radar_software ****
make all 
Info: Building ../radar_software_bsp/
C:/intelFPGA_lite/18.1/nios2eds/bin/gnu/H-x86_64-mingw32/bin/make --no-print-directory -C ../radar_software_bsp/
[BSP build complete]
[radar_software build complete]
03:48:05 **** Incremental Build of configuration Nios II for project radar_software ****
make all 
Info: Building ../radar_software_bsp/
C:/intelFPGA_lite/18.1/nios2eds/bin/gnu/H-x86_64-mingw32/bin/make --no-print-directory -C ../radar_software_bsp/
[BSP build complete]
[radar_software build complete]
03:53:52 **** Build of configuration Nios II for project radar_software ****
make all 
Info: Building ../radar_software_bsp/
C:/intelFPGA_lite/18.1/nios2eds/bin/gnu/H-x86_64-mingw32/bin/make --no-print-directory -C ../radar_software_bsp/
[BSP build complete]
[radar_software build complete]
03:53:53 **** Incremental Build of configuration Nios II for project radar_software ****
make all 
Info: Building ../radar_software_bsp/
C:/intelFPGA_lite/18.1/nios2eds/bin/gnu/H-x86_64-mingw32/bin/make --no-print-directory -C ../radar_software_bsp/
[BSP build complete]
[radar_software build complete]
04:02:21 **** Build of configuration Nios II for project radar_software ****
make all 
Info: Building ../radar_software_bsp/
C:/intelFPGA_lite/18.1/nios2eds/bin/gnu/H-x86_64-mingw32/bin/make --no-print-directory -C ../radar_software_bsp/
[BSP build complete]
[radar_software build complete]
04:02:22 **** Incremental Build of configuration Nios II for project radar_software ****
make all 
Info: Building ../radar_software_bsp/
C:/intelFPGA_lite/18.1/nios2eds/bin/gnu/H-x86_64-mingw32/bin/make --no-print-directory -C ../radar_software_bsp/
[BSP build complete]
[radar_software build complete]
23:49:44 **** Build of configuration Nios II for project radar_software ****
make all 
Info: Building ../radar_software_bsp/
C:/intelFPGA_lite/18.1/nios2eds/bin/gnu/H-x86_64-mingw32/bin/make --no-print-directory -C ../radar_software_bsp/
[BSP build complete]
[radar_software build complete]
23:49:46 **** Incremental Build of configuration Nios II for project radar_software ****
make all 
Info: Building ../radar_software_bsp/
C:/intelFPGA_lite/18.1/nios2eds/bin/gnu/H-x86_64-mingw32/bin/make --no-print-directory -C ../radar_software_bsp/
[BSP build complete]
[radar_software build complete]
00:02:16 **** Build of configuration Nios II for project radar_software ****
make all 
Info: Building ../radar_software_bsp/
C:/intelFPGA_lite/18.1/nios2eds/bin/gnu/H-x86_64-mingw32/bin/make --no-print-directory -C ../radar_software_bsp/
[BSP build complete]
[radar_software build complete]
00:02:17 **** Incremental Build of configuration Nios II for project radar_software ****
make all 
Info: Building ../radar_software_bsp/
C:/intelFPGA_lite/18.1/nios2eds/bin/gnu/H-x86_64-mingw32/bin/make --no-print-directory -C ../radar_software_bsp/
[BSP build complete]
[radar_software build complete]
