Flow report for radar_nios
Tue Apr 16 02:00:02 2024
Quartus Prime Version 18.1.0 Build 625 09/12/2018 SJ Lite Edition


---------------------
; Table of Contents ;
---------------------
  1. Legal Notice
  2. Flow Summary
  3. Flow Settings
  4. Flow Non-Default Global Settings
  5. Flow Elapsed Time
  6. Flow OS Summary
  7. Flow Log
  8. Flow Messages
  9. Flow Suppressed Messages



----------------
; Legal Notice ;
----------------
Copyright (C) 2018  Intel Corporation. All rights reserved.
Your use of Intel Corporation's design tools, logic functions 
and other software and tools, and its AMPP partner logic 
functions, and any output files from any of the foregoing 
(including device programming or simulation files), and any 
associated documentation or information are expressly subject 
to the terms and conditions of the Intel Program License 
Subscription Agreement, the Intel Quartus Prime License Agreement,
the Intel FPGA IP License Agreement, or other applicable license
agreement, including, without limitation, that your use is for
the sole purpose of programming logic devices manufactured by
Intel and sold by Intel or its authorized distributors.  Please
refer to the applicable agreement for further details.



+----------------------------------------------------------------------------------+
; Flow Summary                                                                     ;
+------------------------------------+---------------------------------------------+
; Flow Status                        ; Successful - Tue Apr 16 02:00:02 2024       ;
; Quartus Prime Version              ; 18.1.0 Build 625 09/12/2018 SJ Lite Edition ;
; Revision Name                      ; radar_nios                                  ;
; Top-level Entity Name              ; radar_nios                                  ;
; Family                             ; MAX 10                                      ;
; Device                             ; 10M50DAF484C7G                              ;
; Timing Models                      ; Final                                       ;
; Total logic elements               ; 11,308 / 49,760 ( 23 % )                    ;
;     Total combinational functions  ; 9,463 / 49,760 ( 19 % )                     ;
;     Dedicated logic registers      ; 7,865 / 49,760 ( 16 % )                     ;
; Total registers                    ; 7865                                        ;
; Total pins                         ; 41 / 360 ( 11 % )                           ;
; Total virtual pins                 ; 0                                           ;
; Total memory bits                  ; 1,139,712 / 1,677,312 ( 68 % )              ;
; Embedded Multiplier 9-bit elements ; 4 / 288 ( 1 % )                             ;
; Total PLLs                         ; 1 / 4 ( 25 % )                              ;
; UFM blocks                         ; 0 / 1 ( 0 % )                               ;
; ADC blocks                         ; 1 / 2 ( 50 % )                              ;
+------------------------------------+---------------------------------------------+


+-----------------------------------------+
; Flow Settings                           ;
+-------------------+---------------------+
; Option            ; Setting             ;
+-------------------+---------------------+
; Start date & time ; 04/16/2024 01:57:25 ;
; Main task         ; Compilation         ;
; Revision Name     ; radar_nios          ;
+-------------------+---------------------+


+---------------------------------------------------------------------------------------------------------------------------------------------------+
; Flow Non-Default Global Settings                                                                                                                  ;
+-------------------------------------+--------------------------------------------------------------+---------------+-------------+----------------+
; Assignment Name                     ; Value                                                        ; Default Value ; Entity Name ; Section Id     ;
+-------------------------------------+--------------------------------------------------------------+---------------+-------------+----------------+
; COMPILER_SIGNATURE_ID               ; 38917505025.171324704501844                                  ; --            ; --          ; --             ;
; EDA_OUTPUT_DATA_FORMAT              ; Vhdl                                                         ; --            ; --          ; eda_simulation ;
; EDA_SIMULATION_TOOL                 ; ModelSim (VHDL)                                              ; <None>        ; --          ; --             ;
; EDA_TIME_SCALE                      ; 1 ps                                                         ; --            ; --          ; eda_simulation ;
; MAX_CORE_JUNCTION_TEMP              ; 85                                                           ; --            ; --          ; --             ;
; MIN_CORE_JUNCTION_TEMP              ; 0                                                            ; --            ; --          ; --             ;
; MISC_FILE                           ; radar_core/synthesis/../radar_core.cmp                       ; --            ; --          ; --             ;
; MISC_FILE                           ; radar_core/synthesis/../../radar_core.qsys                   ; --            ; --          ; --             ;
; OUTPUT_IO_TIMING_FAR_END_VMEAS      ; Half Signal Swing                                            ; --            ; --          ; --             ;
; OUTPUT_IO_TIMING_FAR_END_VMEAS      ; Half Signal Swing                                            ; --            ; --          ; --             ;
; OUTPUT_IO_TIMING_NEAR_END_VMEAS     ; Half Vccio                                                   ; --            ; --          ; --             ;
; OUTPUT_IO_TIMING_NEAR_END_VMEAS     ; Half Vccio                                                   ; --            ; --          ; --             ;
; PARTITION_COLOR                     ; -- (Not supported for targeted family)                       ; --            ; --          ; Top            ;
; PARTITION_FITTER_PRESERVATION_LEVEL ; -- (Not supported for targeted family)                       ; --            ; --          ; Top            ;
; PARTITION_NETLIST_TYPE              ; -- (Not supported for targeted family)                       ; --            ; --          ; Top            ;
; POWER_BOARD_THERMAL_MODEL           ; None (CONSERVATIVE)                                          ; --            ; --          ; --             ;
; POWER_PRESET_COOLING_SOLUTION       ; 23 MM HEAT SINK WITH 200 LFPM AIRFLOW                        ; --            ; --          ; --             ;
; PROJECT_OUTPUT_DIRECTORY            ; output_files                                                 ; --            ; --          ; --             ;
; SLD_FILE                            ; radar_core/synthesis/radar_core.regmap                       ; --            ; --          ; --             ;
; SLD_FILE                            ; radar_core/synthesis/radar_core.debuginfo                    ; --            ; --          ; --             ;
; SLD_INFO                            ; QSYS_NAME radar_core HAS_SOPCINFO 1 GENERATION_ID 1713159384 ; --            ; radar_core  ; --             ;
; SOPCINFO_FILE                       ; radar_core/synthesis/../../radar_core.sopcinfo               ; --            ; --          ; --             ;
; SYNTHESIS_ONLY_QIP                  ; On                                                           ; --            ; --          ; --             ;
+-------------------------------------+--------------------------------------------------------------+---------------+-------------+----------------+


+--------------------------------------------------------------------------------------------------------------------------+
; Flow Elapsed Time                                                                                                        ;
+----------------------+--------------+-------------------------+---------------------+------------------------------------+
; Module Name          ; Elapsed Time ; Average Processors Used ; Peak Virtual Memory ; Total CPU Time (on all processors) ;
+----------------------+--------------+-------------------------+---------------------+------------------------------------+
; Analysis & Synthesis ; 00:01:33     ; 1.0                     ; 5057 MB             ; 00:01:50                           ;
; Fitter               ; 00:00:35     ; 1.7                     ; 6197 MB             ; 00:01:13                           ;
; Assembler            ; 00:00:05     ; 1.0                     ; 4733 MB             ; 00:00:04                           ;
; Timing Analyzer      ; 00:00:08     ; 2.9                     ; 4985 MB             ; 00:00:20                           ;
; EDA Netlist Writer   ; 00:00:04     ; 1.0                     ; 4784 MB             ; 00:00:04                           ;
; Total                ; 00:02:25     ; --                      ; --                  ; 00:03:31                           ;
+----------------------+--------------+-------------------------+---------------------+------------------------------------+


+------------------------------------------------------------------------------------+
; Flow OS Summary                                                                    ;
+----------------------+------------------+------------+------------+----------------+
; Module Name          ; Machine Hostname ; OS Name    ; OS Version ; Processor type ;
+----------------------+------------------+------------+------------+----------------+
; Analysis & Synthesis ; LAPTOP-0396C6IJ  ; Windows 10 ; 10.0       ; x86_64         ;
; Fitter               ; LAPTOP-0396C6IJ  ; Windows 10 ; 10.0       ; x86_64         ;
; Assembler            ; LAPTOP-0396C6IJ  ; Windows 10 ; 10.0       ; x86_64         ;
; Timing Analyzer      ; LAPTOP-0396C6IJ  ; Windows 10 ; 10.0       ; x86_64         ;
; EDA Netlist Writer   ; LAPTOP-0396C6IJ  ; Windows 10 ; 10.0       ; x86_64         ;
+----------------------+------------------+------------+------------+----------------+


------------
; Flow Log ;
------------
quartus_map --read_settings_files=on --write_settings_files=off radar_nios -c radar_nios
quartus_fit --read_settings_files=off --write_settings_files=off radar_nios -c radar_nios
quartus_asm --read_settings_files=off --write_settings_files=off radar_nios -c radar_nios
quartus_sta radar_nios -c radar_nios
quartus_eda --read_settings_files=off --write_settings_files=off radar_nios -c radar_nios



